0 info it worked if it ends with ok
1 verbose cli [ 'C:\\Program Files\\nodejs\\node.exe',
1 verbose cli   'C:\\Program Files\\nodejs\\node_modules\\npm\\bin\\npm-cli.js',
1 verbose cli   'i',
1 verbose cli   'nativescript-telerik-ui' ]
2 info using npm@3.10.10
3 info using node@v6.9.5
4 silly loadCurrentTree Starting
5 silly install loadCurrentTree
6 silly install readLocalPackageData
7 silly fetchPackageMetaData nativescript-telerik-ui
8 silly fetchNamedPackageData nativescript-telerik-ui
9 silly mapToRegistry name nativescript-telerik-ui
10 silly mapToRegistry using default registry
11 silly mapToRegistry registry https://registry.npmjs.org/
12 silly mapToRegistry data Result {
12 silly mapToRegistry   raw: 'nativescript-telerik-ui',
12 silly mapToRegistry   scope: null,
12 silly mapToRegistry   escapedName: 'nativescript-telerik-ui',
12 silly mapToRegistry   name: 'nativescript-telerik-ui',
12 silly mapToRegistry   rawSpec: '',
12 silly mapToRegistry   spec: 'latest',
12 silly mapToRegistry   type: 'tag' }
13 silly mapToRegistry uri https://registry.npmjs.org/nativescript-telerik-ui
14 verbose request uri https://registry.npmjs.org/nativescript-telerik-ui
15 verbose request no auth needed
16 info attempt registry request try #1 at 3:27:53 PM
17 verbose request id 4f9546ebb42b9146
18 http request GET https://registry.npmjs.org/nativescript-telerik-ui
19 info retry will retry, error on last attempt: Error: connect EACCES 151.101.192.162:443
20 info attempt registry request try #2 at 3:28:03 PM
21 http request GET https://registry.npmjs.org/nativescript-telerik-ui
22 info retry will retry, error on last attempt: Error: connect EACCES 151.101.192.162:443
23 info attempt registry request try #3 at 3:29:03 PM
24 http request GET https://registry.npmjs.org/nativescript-telerik-ui
25 silly fetchPackageMetaData Error: connect EACCES 151.101.192.162:443
25 silly fetchPackageMetaData     at Object.exports._errnoException (util.js:1022:11)
25 silly fetchPackageMetaData     at exports._exceptionWithHostPort (util.js:1045:20)
25 silly fetchPackageMetaData     at TCPConnectWrap.afterConnect [as oncomplete] (net.js:1087:14)
25 silly fetchPackageMetaData  error for nativescript-telerik-ui { Error: connect EACCES 151.101.192.162:443
25 silly fetchPackageMetaData     at Object.exports._errnoException (util.js:1022:11)
25 silly fetchPackageMetaData     at exports._exceptionWithHostPort (util.js:1045:20)
25 silly fetchPackageMetaData     at TCPConnectWrap.afterConnect [as oncomplete] (net.js:1087:14)
25 silly fetchPackageMetaData   code: 'EACCES',
25 silly fetchPackageMetaData   errno: 'EACCES',
25 silly fetchPackageMetaData   syscall: 'connect',
25 silly fetchPackageMetaData   address: '151.101.192.162',
25 silly fetchPackageMetaData   port: 443 }
26 silly rollbackFailedOptional Starting
27 silly rollbackFailedOptional Finishing
28 silly runTopLevelLifecycles Finishing
29 silly install printInstalled
30 verbose stack Error: connect EACCES 151.101.192.162:443
30 verbose stack     at Object.exports._errnoException (util.js:1022:11)
30 verbose stack     at exports._exceptionWithHostPort (util.js:1045:20)
30 verbose stack     at TCPConnectWrap.afterConnect [as oncomplete] (net.js:1087:14)
31 verbose cwd C:\Users\smalur\Vessel-Pro
32 error Windows_NT 10.0.10586
33 error argv "C:\\Program Files\\nodejs\\node.exe" "C:\\Program Files\\nodejs\\node_modules\\npm\\bin\\npm-cli.js" "i" "nativescript-telerik-ui"
34 error node v6.9.5
35 error npm  v3.10.10
36 error code EACCES
37 error errno EACCES
38 error syscall connect
39 error Error: connect EACCES 151.101.192.162:443
39 error     at Object.exports._errnoException (util.js:1022:11)
39 error     at exports._exceptionWithHostPort (util.js:1045:20)
39 error     at TCPConnectWrap.afterConnect [as oncomplete] (net.js:1087:14)
39 error  { Error: connect EACCES 151.101.192.162:443
39 error     at Object.exports._errnoException (util.js:1022:11)
39 error     at exports._exceptionWithHostPort (util.js:1045:20)
39 error     at TCPConnectWrap.afterConnect [as oncomplete] (net.js:1087:14)
39 error   code: 'EACCES',
39 error   errno: 'EACCES',
39 error   syscall: 'connect',
39 error   address: '151.101.192.162',
39 error   port: 443 }
40 error Please try running this command again as root/Administrator.
41 verbose exit [ 1, true ]
